ngo/build/outputs/logs/manifest-merger-debug-report.txt
-- Merging decision tree log ---
manifest
ADDED from src\main\AndroidManifest.xml:2:1-216:12
	xmlns:android
		ADDED from src\main\AndroidManifest.xml:2:11-69
	package
		ADDED from src\main\AndroidManifest.xml:3:5-30
		INJECTED from src\main\AndroidManifest.xml
		INJECTED from src\main\AndroidManifest.xml
	android:versionName
		ADDED from src\main\AndroidManifest.xml:5:5-30
	android:versionCode
		ADDED from src\main\AndroidManifest.xml:4:5-28
		INJECTED from src\main\AndroidManifest.xml
		INJECTED from src\main\AndroidManifest.xml
application
ADDED from src\main\AndroidManifest.xml:7:5-210:19
	android:label
		ADDED from src\main\AndroidManifest.xml:10:9-41
	android:allowBackup
		ADDED from src\main\AndroidManifest.xml:8:9-35
	android:icon
		ADDED from src\main\AndroidManifest.xml:9:9-45
	android:theme
		ADDED from src\main\AndroidManifest.xml:11:9-40
activity#com.example.ngo.Index
ADDED from src\main\AndroidManifest.xml:12:9-21:20
	android:screenOrientation
		ADDED from src\main\AndroidManifest.xml:15:13-49
	android:label
		ADDED from src\main\AndroidManifest.xml:14:13-57
	android:name
		ADDED from src\main\AndroidManifest.xml:13:13-49
intent-filter#android.intent.action.MAIN+android.intent.category.LAUNCHER
ADDED from src\main\AndroidManifest.xml:16:13-20:29
action#android.intent.action.MAIN
ADDED from src\main\AndroidManifest.xml:17:17-69
	android:name
		ADDED from src\main\AndroidManifest.xml:17:25-66
category#android.intent.category.LAUNCHER
ADDED from src\main\AndroidManifest.xml:19:17-77
	android:name
		ADDED from src\main\AndroidManifest.xml:19:27-74
activity#com.example.ngo.Login1
ADDED from src\main\AndroidManifest.xml:22:9-26:20
	android:screenOrientation
		ADDED from src\main\AndroidManifest.xml:25:13-49
	android:label
		ADDED from src\main\AndroidManifest.xml:24:13-58
	android:name
		ADDED from src\main\AndroidManifest.xml:23:13-50
activity#com.example.ngo.Register
ADDED from src\main\AndroidManifest.xml:27:9-31:20
	android:screenOrientation
		ADDED from src\main\AndroidManifest.xml:30:13-49
	android:label
		ADDED from src\main\AndroidManifest.xml:29:13-45
	android:name
		ADDED from src\main\AndroidManifest.xml:28:13-52
activity#com.example.ngo.Firstpage
ADDED from src\main\AndroidManifest.xml:32:9-36:20
	android:screenOrientation
		ADDED from src\main\AndroidManifest.xml:35:13-49
	android:label
		ADDED from src\main\AndroidManifest.xml:34:13-61
	android:name
		ADDED from src\main\AndroidManifest.xml:33:13-53
activity#com.example.ngo.Faq
ADDED from src\main\AndroidManifest.xml:37:9-41:20
	android:screenOrientation
		ADDED from src\main\AndroidManifest.xml:40:13-49
	android:label
		ADDED from src\main\AndroidManifest.xml:39:13-55
	android:name
		ADDED from src\main\AndroidManifest.xml:38:13-47
activity#com.example.ngo.Donation
ADDED from src\main\AndroidManifest.xml:42:9-46:20
	android:screenOrientation
		ADDED from src\main\AndroidManifest.xml:45:13-49
	android:label
		ADDED from src\main\AndroidManifest.xml:44:13-60
	android:name
		ADDED from src\main\AndroidManifest.xml:43:13-52
activity#com.example.ngo.Volunteer
ADDED from src\main\AndroidManifest.xml:47:9-51:20
	android:screenOrientation
		ADDED from src\main\AndroidManifest.xml:50:13-49
	android:label
		ADDED from src\main\AndroidManifest.xml:49:13-61
	android:name
		ADDED from src\main\AndroidManifest.xml:48:13-53
activity#com.example.ngo.Emergencyhelp
ADDED from src\main\AndroidManifest.xml:52:9-56:20
	android:screenOrientation
		ADDED from src\main\AndroidManifest.xml:55:13-49
	android:label
		ADDED from src\main\AndroidManifest.xml:54:13-65
	android:name
		ADDED from src\main\AndroidManifest.xml:53:13-57
activity#com.example.ngo.Test
ADDED from src\main\AndroidManifest.xml:57:9-61:20
	android:screenOrientation
		ADDED from src\main\AndroidManifest.xml:60:13-49
	android:label
		ADDED from src\main\AndroidManifest.xml:59:13-56
	android:name
		ADDED from src\main\AndroidManifest.xml:58:13-48
activity#com.example.ngo.Donation1
ADDED from src\main\AndroidManifest.xml:62:9-66:20
	android:screenOrientation
		ADDED from src\main\AndroidManifest.xml:65:13-49
	android:label
		ADDED from src\main\AndroidManifest.xml:64:13-61
	android:name
		ADDED from src\main\AndroidManifest.xml:63:13-53
activity#com.example.ngo.Pickdrop
ADDED from src\main\AndroidManifest.xml:67:9-71:20
	android:screenOrientation
		ADDED from src\main\AndroidManifest.xml:70:13-49
	android:label
		ADDED from src\main\AndroidManifest.xml:69:13-60
	android:name
		ADDED from src\main\AndroidManifest.xml:68:13-52
activity#com.example.ngo.Contactus
ADDED from src\main\AndroidManifest.xml:72:9-76:20
	android:screenOrientation
		ADDED from src\main\AndroidManifest.xml:75:13-49
	android:label
		ADDED from src\main\AndroidManifest.xml:74:13-61
	android:name
		ADDED from src\main\AndroidManifest.xml:73:13-53
activity#com.example.ngo.Youraddress
ADDED from src\main\AndroidManifest.xml:77:9-81:20
	android:screenOrientation
		ADDED from src\main\AndroidManifest.xml:80:13-49
	android:label
		ADDED from src\main\AndroidManifest.xml:79:13-63
	android:name
		ADDED from src\main\AndroidManifest.xml:78:13-55
activity#com.example.ngo.Needy
ADDED from src\main\AndroidManifest.xml:82:9-86:20
	android:screenOrientation
		ADDED from src\main\AndroidManifest.xml:85:13-49
	android:label
		ADDED from src\main\AndroidManifest.xml:84:13-57
	android:name
		ADDED from src\main\AndroidManifest.xml:83:13-49
activity#com.example.ngo.Education
ADDED from src\main\AndroidManifest.xml:87:9-91:20
	android:screenOrientation
		ADDED from src\main\AndroidManifest.xml:90:13-49
	android:label
		ADDED from src\main\AndroidManifest.xml:89:13-61
	android:name
		ADDED from src\main\AndroidManifest.xml:88:13-53
activity#com.example.ngo.Heathcare
ADDED from src\main\AndroidManifest.xml:92:9-96:20
	android:screenOrientation
		ADDED from src\main\AndroidManifest.xml:95:13-49
	android:label
		ADDED from src\main\AndroidManifest.xml:94:13-61
	android:name
		ADDED from src\main\AndroidManifest.xml:93:13-53
activity#com.example.ngo.Elderlysupport
ADDED from src\main\AndroidManifest.xml:97:9-101:20
	android:screenOrientation
		ADDED from src\main\AndroidManifest.xml:100:13-49
	android:label
		ADDED from src\main\AndroidManifest.xml:99:13-66
	android:name
		ADDED from src\main\AndroidManifest.xml:98:13-58
activity#com.example.ngo.Animal
ADDED from src\main\AndroidManifest.xml:102:9-106:20
	android:screenOrientation
		ADDED from src\main\AndroidManifest.xml:105:13-49
	android:label
		ADDED from src\main\AndroidManifest.xml:104:13-58
	android:name
		ADDED from src\main\AndroidManifest.xml:103:13-50
activity#com.example.ngo.Employment
ADDED from src\main\AndroidManifest.xml:107:9-111:20
	android:screenOrientation
		ADDED from src\main\AndroidManifest.xml:110:13-49
	android:label
		ADDED from src\main\AndroidManifest.xml:109:13-62
	android:name
		ADDED from src\main\AndroidManifest.xml:108:13-54
activity#com.example.ngo.Volunteertype
ADDED from src\main\AndroidManifest.xml:112:9-116:20
	android:screenOrientation
		ADDED from src\main\AndroidManifest.xml:115:13-49
	android:label
		ADDED from src\main\AndroidManifest.xml:114:13-65
	android:name
		ADDED from src\main\AndroidManifest.xml:113:13-57
activity#com.example.ngo.Applicationform
ADDED from src\main\AndroidManifest.xml:117:9-121:20
	android:screenOrientation
		ADDED from src\main\AndroidManifest.xml:120:13-49
	android:label
		ADDED from src\main\AndroidManifest.xml:119:13-67
	android:name
		ADDED from src\main\AndroidManifest.xml:118:13-59
activity#com.example.ngo.Webbroswer
ADDED from src\main\AndroidManifest.xml:122:9-125:20
	android:label
		ADDED from src\main\AndroidManifest.xml:124:13-62
	android:name
		ADDED from src\main\AndroidManifest.xml:123:13-54
activity#com.example.ngo.Cemra
ADDED from src\main\AndroidManifest.xml:126:9-129:20
	android:label
		ADDED from src\main\AndroidManifest.xml:128:13-57
	android:name
		ADDED from src\main\AndroidManifest.xml:127:13-49
activity#com.example.ngo.Sendmassage
ADDED from src\main\AndroidManifest.xml:130:9-133:20
	android:label
		ADDED from src\main\AndroidManifest.xml:132:13-63
	android:name
		ADDED from src\main\AndroidManifest.xml:131:13-55
activity#com.example.ngo.MainActivity
ADDED from src\main\AndroidManifest.xml:134:9-155:20
	android:label
		ADDED from src\main\AndroidManifest.xml:136:13-56
	android:name
		ADDED from src\main\AndroidManifest.xml:135:13-56
activity#com.example.ngo.Email
ADDED from src\main\AndroidManifest.xml:156:9-159:20
	android:label
		ADDED from src\main\AndroidManifest.xml:158:13-57
	android:name
		ADDED from src\main\AndroidManifest.xml:157:13-49
activity#com.example.ngo.Helpline
ADDED from src\main\AndroidManifest.xml:160:9-163:20
	android:label
		ADDED from src\main\AndroidManifest.xml:162:13-60
	android:name
		ADDED from src\main\AndroidManifest.xml:161:13-52
activity#com.example.ngo.Adminpage
ADDED from src\main\AndroidManifest.xml:164:9-167:20
	android:label
		ADDED from src\main\AndroidManifest.xml:166:13-61
	android:name
		ADDED from src\main\AndroidManifest.xml:165:13-53
activity#com.example.ngo.Admine
ADDED from src\main\AndroidManifest.xml:168:9-171:20
	android:label
		ADDED from src\main\AndroidManifest.xml:170:13-58
	android:name
		ADDED from src\main\AndroidManifest.xml:169:13-50
activity#com.example.ngo.Profile
ADDED from src\main\AndroidManifest.xml:172:9-175:20
	android:label
		ADDED from src\main\AndroidManifest.xml:174:13-59
	android:name
		ADDED from src\main\AndroidManifest.xml:173:13-51
activity#com.example.ngo.Post_Information
ADDED from src\main\AndroidManifest.xml:176:9-179:20
	android:label
		ADDED from src\main\AndroidManifest.xml:178:13-69
	android:name
		ADDED from src\main\AndroidManifest.xml:177:13-60
activity#com.example.ngo.Option
ADDED from src\main\AndroidManifest.xml:180:9-183:20
	android:label
		ADDED from src\main\AndroidManifest.xml:182:13-58
	android:name
		ADDED from src\main\AndroidManifest.xml:181:13-50
activity#com.example.ngo.Broswer
ADDED from src\main\AndroidManifest.xml:184:9-187:20
	android:label
		ADDED from src\main\AndroidManifest.xml:186:13-59
	android:name
		ADDED from src\main\AndroidManifest.xml:185:13-51
activity#com.example.ngo.FilePicker
ADDED from src\main\AndroidManifest.xml:188:9-189:20
	android:name
		ADDED from src\main\AndroidManifest.xml:188:19-60
activity#com.example.ngo.List_item
ADDED from src\main\AndroidManifest.xml:190:9-193:20
	android:label
		ADDED from src\main\AndroidManifest.xml:192:13-61
	android:name
		ADDED from src\main\AndroidManifest.xml:191:13-53
activity#com.example.ngo.Userdata
ADDED from src\main\AndroidManifest.xml:194:9-197:20
	android:label
		ADDED from src\main\AndroidManifest.xml:196:13-60
	android:name
		ADDED from src\main\AndroidManifest.xml:195:13-52
activity#com.example.ngo.Postinformationdata
ADDED from src\main\AndroidManifest.xml:198:9-201:20
	android:label
		ADDED from src\main\AndroidManifest.xml:200:13-71
	android:name
		ADDED from src\main\AndroidManifest.xml:199:13-63
activity#com.example.ngo.Makedonation
ADDED from src\main\AndroidManifest.xml:202:9-205:20
	android:label
		ADDED from src\main\AndroidManifest.xml:204:13-64
	android:name
		ADDED from src\main\AndroidManifest.xml:203:13-56
activity#com.example.ngo.Map
ADDED from src\main\AndroidManifest.xml:206:9-209:20
	android:label
		ADDED from src\main\AndroidManifest.xml:208:13-55
	android:name
		ADDED from src\main\AndroidManifest.xml:207:13-47
uses-permission#android.permission.CALL_PHONE
ADDED from src\main\AndroidManifest.xml:212:5-69
	android:name
		ADDED from src\main\AndroidManifest.xml:212:22-66
uses-permission#android.permission.SEND_SMS
ADDED from src\main\AndroidManifest.xml:213:5-67
	android:name
		ADDED from src\main\AndroidManifest.xml:213:22-64
uses-permission#android.permission.RECEIVE_SMS
ADDED from src\main\AndroidManifest.xml:214:5-70
	android:name
		ADDED from src\main\AndroidManifest.xml:214:22-67